[2021-07-22 08:42:42] START
[2021-07-22 08:42:42] EDIT welcome/controllers/default.py: 1
[2024-02-21 01:31:22] CREATE pagina_inicial.html: 0
[2024-02-21 01:31:34] EDIT statusflow/views/pagina_inicial.html: 212
[2024-02-21 01:34:56] EDIT statusflow/views/pagina_inicial.html: 0
[2024-02-21 01:35:14] CREATE css/styles.css: 0
[2024-02-21 01:35:18] EDIT statusflow/static/css/styles.css: 9635
[2024-02-21 01:35:21] EDIT statusflow/views/pagina_inicial.html: 0
[2024-02-21 01:35:33] EDIT statusflow/controllers/default.py: -2
[2024-02-21 01:35:50] EDIT statusflow/views/default/index.html: -45
[2024-02-21 01:36:31] EDIT statusflow/models/menu.py: -94
[2024-02-21 01:36:54] EDIT statusflow/models/db.py: 39
[2024-02-21 01:37:47] EDIT statusflow/models/db.py: 0
[2024-02-21 01:38:26] EDIT statusflow/views/layout.html: 3
[2024-02-21 01:38:37] CREATE acs_empresa.py: 0
[2024-02-21 01:38:52] EDIT statusflow/controllers/acs_empresa.py: 106
[2024-02-21 01:39:27] EDIT statusflow/views/default/user.html: 0
[2024-02-21 01:43:50] EDIT statusflow/models/db.py: 1
[2024-02-21 01:44:33] CREATE acs_empresa/index.html: 0
[2024-02-21 01:46:06] EDIT statusflow/controllers/acs_empresa.py: -5
[2024-02-21 01:46:13] EDIT statusflow/views/acs_empresa/index.html: -2
[2024-02-21 01:48:34] EDIT statusflow/models/menu.py: 6
[2024-02-21 01:49:11] CREATE acs_usuario.py: 0
[2024-02-21 01:49:31] EDIT statusflow/controllers/acs_usuario.py: 152
[2024-02-21 01:49:41] CREATE acs_usuario/index.html: 0
[2024-02-21 01:49:54] EDIT statusflow/views/acs_usuario/index.html: 115
[2024-02-21 01:50:16] EDIT statusflow/views/acs_usuario/index.html: 0
[2024-02-21 01:51:47] CREATE paginacao.html: 0
[2024-02-21 01:51:57] EDIT statusflow/views/paginacao.html: 18
[2024-02-21 01:55:03] CREATE acs_registro.py: 0
[2024-02-21 01:55:14] CREATE db1.py: 0
[2024-02-21 02:02:23] EDIT statusflow/models/db1.py: 14
[2024-02-21 02:03:40] CREATE funcoes_gerais.py: 0
[2024-02-21 02:04:01] EDIT statusflow/models/funcoes_gerais.py: 17
[2024-02-21 02:07:09] EDIT statusflow/models/db1.py: 0
[2024-02-21 02:07:46] EDIT statusflow/models/db1.py: 0
[2024-02-21 02:10:38] EDIT statusflow/controllers/acs_registro.py: 76
[2024-02-21 02:14:32] EDIT statusflow/models/db1.py: 2
[2024-02-21 02:14:43] EDIT statusflow/controllers/acs_registro.py: 0
[2024-02-21 02:14:51] EDIT statusflow/controllers/acs_registro.py: 0
[2024-02-21 02:15:27] CREATE acs_registro/index.html: 0
[2024-02-21 02:16:10] EDIT statusflow/views/acs_registro/index.html: 115
[2024-02-21 02:17:45] EDIT statusflow/views/acs_registro/index.html: 6
[2024-02-21 02:19:12] EDIT statusflow/models/db1.py: 0
[2024-02-21 02:29:24] EDIT statusflow/controllers/acs_registro.py: 14
[2024-02-21 02:29:55] EDIT statusflow/controllers/acs_registro.py: 0
[2024-02-21 02:30:57] EDIT statusflow/controllers/acs_registro.py: -2
[2024-02-21 02:32:19] EDIT statusflow/models/db.py: 0
[2024-02-21 02:32:24] EDIT statusflow/models/db.py: 0
[2024-02-21 02:34:00] EDIT statusflow/models/db.py: 0
[2024-02-21 02:34:25] EDIT statusflow/models/db.py: 0
[2024-02-21 02:34:29] EDIT statusflow/models/db.py: 0
[2024-02-21 02:34:56] EDIT statusflow/controllers/acs_registro.py: -10
[2024-02-21 02:37:38] EDIT statusflow/models/db.py: 1
[2024-02-21 02:38:27] EDIT statusflow/models/db.py: 1
[2024-02-21 02:38:30] EDIT statusflow/models/db.py: 0
[2024-02-21 02:38:47] EDIT statusflow/models/db.py: -3
[2024-02-21 02:42:44] EDIT statusflow/models/db.py: 1
[2024-02-21 02:42:56] EDIT statusflow/models/db.py: -1
[2024-02-21 02:43:15] EDIT statusflow/models/db.py: 0
[2024-02-21 02:45:17] EDIT statusflow/models/db.py: 1
[2024-02-21 02:45:35] EDIT statusflow/models/db.py: -1
[2024-02-21 02:46:22] EDIT statusflow/models/db.py: 1
[2024-02-21 02:51:02] EDIT statusflow/controllers/acs_registro.py: 7
[2024-02-21 02:51:24] EDIT statusflow/models/db.py: -1
[2024-02-21 02:51:59] EDIT statusflow/models/db1.py: 0
[2024-02-21 02:53:22] EDIT statusflow/models/db1.py: 0
[2024-02-21 02:55:08] EDIT statusflow/models/db1.py: 0
[2024-02-21 02:55:25] EDIT statusflow/models/db1.py: 0
[2024-02-21 02:55:27] EDIT statusflow/models/db1.py: 0
[2024-02-21 02:55:46] EDIT statusflow/models/db1.py: 0
[2024-02-21 02:56:40] EDIT statusflow/models/db1.py: -1
[2024-02-21 02:57:13] EDIT statusflow/models/db1.py: 0
[2024-02-21 02:57:24] EDIT statusflow/models/db1.py: 0
[2024-02-21 02:58:02] EDIT statusflow/models/db1.py: 0
[2024-02-21 02:58:23] EDIT statusflow/models/db1.py: 0
[2024-02-21 02:59:01] EDIT statusflow/controllers/acs_registro.py: 0
[2024-02-21 02:59:06] EDIT statusflow/controllers/acs_registro.py: 0
[2024-02-21 02:59:12] EDIT statusflow/controllers/acs_registro.py: 0
[2024-02-21 02:59:29] EDIT statusflow/controllers/acs_registro.py: 0
[2024-02-21 03:05:13] EDIT statusflow/controllers/acs_registro.py: 7
[2024-02-21 03:13:40] EDIT statusflow/controllers/acs_registro.py: 0
[2024-02-21 03:14:36] EDIT statusflow/controllers/acs_registro.py: 1
[2024-02-21 03:15:11] EDIT statusflow/controllers/acs_registro.py: 0
[2024-02-21 03:15:17] EDIT statusflow/controllers/acs_registro.py: 0
[2024-02-21 03:16:14] EDIT statusflow/views/acs_registro/index.html: 0
[2024-02-21 03:16:57] EDIT statusflow/views/acs_registro/index.html: 0
[2024-02-21 03:17:12] EDIT statusflow/views/acs_registro/index.html: 0
[2024-02-21 03:17:33] EDIT statusflow/views/acs_registro/index.html: 0
[2024-02-21 03:17:55] EDIT statusflow/views/acs_registro/index.html: 0
[2024-02-21 03:18:45] EDIT statusflow/views/acs_registro/index.html: 0
[2024-02-21 03:19:30] EDIT statusflow/views/acs_registro/index.html: 0
[2024-02-21 03:21:42] EDIT statusflow/views/acs_registro/index.html: 7
[2024-02-21 03:22:06] EDIT statusflow/views/acs_registro/index.html: 0
[2024-02-21 03:23:47] EDIT statusflow/views/acs_registro/index.html: 6
[2024-02-21 03:24:07] EDIT statusflow/views/acs_registro/index.html: 0
[2024-02-21 03:24:20] EDIT statusflow/views/acs_registro/index.html: 0
[2024-02-21 03:30:12] EDIT statusflow/controllers/acs_registro.py: 24
[2024-02-21 03:30:42] EDIT statusflow/controllers/acs_registro.py: 1
[2024-02-21 03:34:42] EDIT statusflow/views/acs_registro/index.html: 8
[2024-02-21 03:35:07] EDIT statusflow/views/acs_registro/index.html: 0
[2024-02-21 03:35:13] EDIT statusflow/views/acs_registro/index.html: 0
[2024-02-21 03:35:22] EDIT statusflow/views/acs_registro/index.html: -2
[2024-02-21 03:36:09] EDIT statusflow/views/acs_registro/index.html: 7
[2024-02-21 03:36:22] EDIT statusflow/views/acs_registro/index.html: 0
[2024-02-21 03:36:54] EDIT statusflow/views/acs_registro/index.html: 0
[2024-02-21 03:38:05] EDIT statusflow/views/acs_registro/index.html: 0
[2024-02-21 03:39:01] EDIT statusflow/views/acs_registro/index.html: 0
[2024-02-21 03:39:10] EDIT statusflow/views/acs_registro/index.html: 0
[2024-02-21 03:39:53] EDIT statusflow/controllers/acs_registro.py: 26
[2024-02-21 03:41:11] EDIT statusflow/controllers/acs_registro.py: 0
[2024-02-21 03:42:08] EDIT statusflow/models/db1.py: 0
[2024-02-21 03:42:15] EDIT statusflow/controllers/acs_registro.py: 4
[2024-02-21 03:42:20] EDIT statusflow/controllers/acs_registro.py: -1
[2024-02-21 03:42:35] EDIT statusflow/controllers/acs_registro.py: 0
[2024-02-21 03:42:53] EDIT statusflow/models/db1.py: 0
[2024-02-21 03:43:17] EDIT statusflow/models/db1.py: 0
[2024-02-21 03:44:03] EDIT statusflow/models/db1.py: 0
[2024-02-21 03:45:36] EDIT statusflow/controllers/acs_registro.py: -7
[2024-02-21 03:45:42] EDIT statusflow/models/funcoes_gerais.py: 7
[2024-02-21 03:47:05] EDIT statusflow/views/acs_registro/index.html: 4
[2024-02-21 03:48:55] EDIT statusflow/controllers/acs_registro.py: 1
[2024-02-21 03:49:05] EDIT statusflow/controllers/acs_registro.py: 0
[2024-02-21 03:49:58] EDIT statusflow/views/acs_registro/index.html: 4
[2024-02-21 03:50:09] EDIT statusflow/views/acs_registro/index.html: 0
[2024-02-21 03:50:39] EDIT statusflow/views/acs_registro/index.html: -1
[2024-02-21 03:50:49] EDIT statusflow/views/acs_registro/index.html: 1
[2024-02-21 03:50:55] EDIT statusflow/views/acs_registro/index.html: 0
[2024-02-21 03:52:36] EDIT statusflow/views/layout.html: 8
[2024-02-21 03:53:02] EDIT statusflow/views/acs_registro/index.html: 0
[2024-02-21 03:53:14] EDIT statusflow/views/acs_registro/index.html: 0
[2024-02-21 03:53:26] EDIT statusflow/views/acs_registro/index.html: 0
[2024-02-21 03:57:05] EDIT statusflow/views/acs_registro/index.html: 0
[2024-02-21 03:58:46] EDIT statusflow/controllers/acs_registro.py: 1
[2024-02-21 03:59:11] EDIT statusflow/controllers/acs_registro.py: -1
[2024-02-21 03:59:24] EDIT statusflow/controllers/acs_registro.py: 1
[2024-02-21 04:00:18] EDIT statusflow/controllers/acs_registro.py: 2
[2024-02-21 04:00:44] EDIT statusflow/controllers/acs_registro.py: 0
[2024-02-21 04:02:06] EDIT statusflow/views/acs_registro/index.html: 0
[2024-02-21 04:02:46] EDIT statusflow/models/db1.py: 0
[2024-02-21 04:03:40] EDIT statusflow/views/acs_registro/index.html: 1
[2024-02-21 04:05:20] EDIT statusflow/views/acs_registro/index.html: 1
[2024-02-21 04:05:34] EDIT statusflow/views/acs_registro/index.html: 0
[2024-02-21 04:05:48] EDIT statusflow/views/acs_registro/index.html: 0
[2024-02-21 04:06:46] EDIT statusflow/views/acs_registro/index.html: 0
[2024-02-21 04:09:39] EDIT statusflow/views/acs_registro/index.html: 6
[2024-02-21 04:10:06] EDIT statusflow/views/acs_registro/index.html: 0
[2024-02-21 04:11:07] EDIT statusflow/views/acs_registro/index.html: 0
[2024-02-21 04:11:20] EDIT statusflow/views/acs_registro/index.html: 3
[2024-02-21 04:11:29] EDIT statusflow/views/acs_registro/index.html: 0
[2024-02-21 04:13:02] EDIT statusflow/views/acs_registro/index.html: 5
[2024-02-21 04:15:00] EDIT statusflow/views/acs_registro/index.html: -3
[2024-02-21 04:15:14] EDIT statusflow/views/acs_registro/index.html: 2
[2024-02-21 04:15:58] EDIT statusflow/controllers/acs_registro.py: -2
[2024-02-21 04:19:25] EDIT statusflow/views/acs_registro/index.html: 3
[2024-02-21 04:19:36] EDIT statusflow/views/acs_registro/index.html: 0
[2024-02-21 04:20:38] EDIT statusflow/controllers/acs_registro.py: 4
[2024-02-21 04:20:47] EDIT statusflow/controllers/acs_registro.py: 1
[2024-02-21 04:20:54] EDIT statusflow/controllers/acs_registro.py: 1
[2024-02-21 04:21:11] EDIT statusflow/controllers/acs_registro.py: 0
[2024-02-21 04:21:19] EDIT statusflow/controllers/acs_registro.py: 0
[2024-02-21 04:22:15] EDIT statusflow/controllers/acs_registro.py: 1
[2024-02-21 04:23:29] EDIT statusflow/controllers/acs_registro.py: 3
[2024-02-21 04:24:13] EDIT statusflow/controllers/acs_registro.py: -1
[2024-02-21 04:24:23] CREATE acs_registro/ver_registro.html: 0
[2024-02-21 04:24:27] EDIT statusflow/views/acs_registro/ver_registro.html: -1
[2024-02-21 04:28:35] CREATE head_padrao.html: 0
[2024-02-21 04:28:45] EDIT statusflow/views/head_padrao.html: -1
[2024-02-21 04:29:37] EDIT statusflow/views/head_padrao.html: 62
[2024-02-21 04:29:58] EDIT statusflow/views/acs_registro/ver_registro.html: 40
[2024-02-21 04:30:49] EDIT statusflow/views/head_padrao.html: 29
[2024-02-21 04:31:03] EDIT statusflow/views/head_padrao.html: -23
[2024-02-21 04:31:19] EDIT statusflow/views/head_padrao.html: -4
[2024-02-21 04:31:52] EDIT statusflow/views/head_padrao.html: 4
[2024-02-21 04:32:21] EDIT statusflow/views/head_padrao.html: 2
[2024-02-21 04:32:36] EDIT statusflow/views/acs_registro/ver_registro.html: -26
[2024-02-21 04:33:01] EDIT statusflow/controllers/acs_registro.py: 1
[2024-02-21 04:33:09] EDIT statusflow/controllers/acs_registro.py: 2
[2024-02-21 04:34:12] EDIT statusflow/controllers/acs_registro.py: 2
[2024-02-21 04:34:24] EDIT statusflow/views/acs_registro/ver_registro.html: 1
[2024-02-21 04:36:52] CREATE acs_mensagem.py: 0
[2024-02-21 04:37:04] EDIT statusflow/controllers/acs_mensagem.py: 1
[2024-02-21 04:37:15] CREATE acs_mensagem/sem_registro.html: 0
[2024-02-21 04:37:42] EDIT statusflow/views/acs_mensagem/sem_registro.html: 17
[2024-02-21 04:39:04] EDIT statusflow/views/acs_mensagem/sem_registro.html: 0
[2024-02-21 04:40:17] EDIT statusflow/views/acs_registro/ver_registro.html: 0
[2024-02-21 04:40:29] EDIT statusflow/views/acs_registro/ver_registro.html: 0
[2024-02-21 04:40:40] EDIT statusflow/views/acs_registro/ver_registro.html: 0
[2024-02-21 04:42:15] EDIT statusflow/views/acs_registro/ver_registro.html: 12
[2024-02-21 04:43:19] EDIT statusflow/views/acs_registro/ver_registro.html: -9
[2024-02-21 04:43:25] EDIT statusflow/views/acs_registro/ver_registro.html: 0
[2024-02-21 04:43:51] EDIT statusflow/views/acs_registro/ver_registro.html: 0
[2024-02-21 04:44:50] EDIT statusflow/views/acs_registro/ver_registro.html: -3
[2024-02-21 04:45:19] EDIT statusflow/views/acs_registro/ver_registro.html: 2
[2024-02-21 04:45:25] EDIT statusflow/views/acs_registro/ver_registro.html: 0
[2024-02-21 04:46:39] EDIT statusflow/controllers/acs_empresa.py: 1
